<?xml version="1.0" encoding="UTF-8"?>
<!-- Generated by org.testng.reporters.JUnitReportReporter -->
<testsuite skipped="0" hostname="dell" name="com.qa.orient.TestPages.IdeatorPageTest" tests="2" failures="0" timestamp="08 Jul 2020 05:42:02 GMT" time="239.137" errors="0">
  <testcase name="getCreateIdeaTest" time="43.097" classname="com.qa.orient.TestPages.IdeatorPageTest"/>
  <testcase name="getConvertMainIdeaTest" time="196.040" classname="com.qa.orient.TestPages.IdeatorPageTest"/>
</testsuite> <!-- com.qa.orient.TestPages.IdeatorPageTest -->
