<?xml version="1.0" encoding="UTF-8"?>
<!-- Generated by org.testng.reporters.JUnitReportReporter -->
<testsuite skipped="1" hostname="dell" name="com.qa.orient.TestPages.Level3PageTest" tests="2" failures="0" timestamp="08 Jul 2020 05:42:02 GMT" time="33.172" errors="0">
  <testcase name="getApproveLevel3PageTest" time="33.172" classname="com.qa.orient.TestPages.Level3PageTest"/>
  <testcase name="getIdeaIntitiateProjectTest" classname="com.qa.orient.TestPages.Level3PageTest">
    <skipped/>
  </testcase> <!-- getIdeaIntitiateProjectTest -->
</testsuite> <!-- com.qa.orient.TestPages.Level3PageTest -->
