<?xml version="1.0" encoding="UTF-8"?>
<!-- Generated by org.testng.reporters.JUnitReportReporter -->
<testsuite skipped="0" hostname="dell" name="com.qa.orient.TestPages.Level4PageTest" tests="1" failures="0" timestamp="08 Jul 2020 05:42:02 GMT" time="39.510" errors="0">
  <testcase name="getApproveLevel4PageTest" time="39.510" classname="com.qa.orient.TestPages.Level4PageTest"/>
</testsuite> <!-- com.qa.orient.TestPages.Level4PageTest -->
