<?xml version="1.0" encoding="UTF-8"?>
<!-- Generated by org.testng.reporters.JUnitReportReporter -->
<testsuite skipped="0" hostname="dell" name="com.qa.orient.TestPages.BusinessFinancePageTest" tests="1" failures="0" timestamp="08 Jul 2020 05:42:02 GMT" time="54.712" errors="0">
  <testcase name="getApproveIdeaOnBFPageTest" time="54.712" classname="com.qa.orient.TestPages.BusinessFinancePageTest"/>
</testsuite> <!-- com.qa.orient.TestPages.BusinessFinancePageTest -->
